{"level":30,"time":1600463160735,"pid":63829,"hostname":"Scotts-MBP.lan","msg":"suspensionofsocialandsportsactivities_tn.jpg"}
{"level":30,"time":1600463161536,"pid":63829,"hostname":"Scotts-MBP.lan","msg":"suspensionofsocialandsportsactivities.jpg"}
{"level":30,"time":1606861730506,"pid":56400,"hostname":"Scotts-MBP.lan","msg":"{\"host\":\"localhost:3000\",\"connection\":\"keep-alive\",\"sec-ch-ua\":\"\\\"Chromium\\\";v=\\\"86\\\", \\\"\\\\\\\"Not\\\\\\\\A;Brand\\\";v=\\\"99\\\", \\\"Google Chrome\\\";v=\\\"86\\\"\",\"sec-ch-ua-mobile\":\"?1\",\"upgrade-insecure-requests\":\"1\",\"user-agent\":\"Mozilla/5.0 (Linux; Android 6.0; Nexus 5 Build/MRA58N) AppleWebKit/537.36 (KHTML, like Gecko) Chrome/86.0.4240.198 Mobile Safari/537.36\",\"accept\":\"text/html,application/xhtml+xml,application/xml;q=0.9,image/avif,image/webp,image/apng,*/*;q=0.8,application/signed-exchange;v=b3;q=0.9\",\"sec-fetch-site\":\"none\",\"sec-fetch-mode\":\"navigate\",\"sec-fetch-user\":\"?1\",\"sec-fetch-dest\":\"document\",\"accept-encoding\":\"gzip, deflate, br\",\"accept-language\":\"en-US,en;q=0.9\"}"}
{"level":30,"time":1606861755837,"pid":56400,"hostname":"Scotts-MBP.lan","msg":"{\"host\":\"localhost:3000\",\"connection\":\"keep-alive\",\"sec-ch-ua\":\"\\\"Chromium\\\";v=\\\"86\\\", \\\"\\\\\\\"Not\\\\\\\\A;Brand\\\";v=\\\"99\\\", \\\"Google Chrome\\\";v=\\\"86\\\"\",\"sec-ch-ua-mobile\":\"?1\",\"upgrade-insecure-requests\":\"1\",\"user-agent\":\"Mozilla/5.0 (Linux; Android 6.0; Nexus 5 Build/MRA58N) AppleWebKit/537.36 (KHTML, like Gecko) Chrome/86.0.4240.198 Mobile Safari/537.36\",\"accept\":\"text/html,application/xhtml+xml,application/xml;q=0.9,image/avif,image/webp,image/apng,*/*;q=0.8,application/signed-exchange;v=b3;q=0.9\",\"sec-fetch-site\":\"none\",\"sec-fetch-mode\":\"navigate\",\"sec-fetch-user\":\"?1\",\"sec-fetch-dest\":\"document\",\"accept-encoding\":\"gzip, deflate, br\",\"accept-language\":\"en-US,en;q=0.9\",\"if-none-match\":\"W/\\\"88e-173afcf2675\\\"\",\"if-modified-since\":\"Sun, 02 Aug 2020 15:34:15 GMT\"}"}
{"level":30,"time":1606861784750,"pid":56400,"hostname":"Scotts-MBP.lan","msg":"{\"host\":\"localhost:3000\",\"connection\":\"keep-alive\",\"sec-ch-ua\":\"\\\"Chromium\\\";v=\\\"86\\\", \\\"\\\\\\\"Not\\\\\\\\A;Brand\\\";v=\\\"99\\\", \\\"Google Chrome\\\";v=\\\"86\\\"\",\"sec-ch-ua-mobile\":\"?1\",\"upgrade-insecure-requests\":\"1\",\"user-agent\":\"Mozilla/5.0 (Linux; Android 6.0; Nexus 5 Build/MRA58N) AppleWebKit/537.36 (KHTML, like Gecko) Chrome/86.0.4240.198 Mobile Safari/537.36\",\"accept\":\"text/html,application/xhtml+xml,application/xml;q=0.9,image/avif,image/webp,image/apng,*/*;q=0.8,application/signed-exchange;v=b3;q=0.9\",\"sec-fetch-site\":\"none\",\"sec-fetch-mode\":\"navigate\",\"sec-fetch-user\":\"?1\",\"sec-fetch-dest\":\"document\",\"accept-encoding\":\"gzip, deflate, br\",\"accept-language\":\"en-US,en;q=0.9\"}"}
{"level":50,"time":1606940640522,"pid":59882,"hostname":"Scotts-MBP.lan","msg":"Drive API Error: Error: Invalid Credentials"}
{"level":50,"time":1606951980483,"pid":60234,"hostname":"Scotts-MBP.lan","msg":"Drive API Error: Error: Project 781599762400 is not found and cannot be used for API calls. If it is recently created, enable Drive API by visiting https://console.developers.google.com/apis/api/drive.googleapis.com/overview?project=781599762400 then retry. If you enabled this API recently, wait a few minutes for the action to propagate to our systems and retry."}
{"level":30,"time":1606952341174,"pid":60251,"hostname":"Scotts-MBP.lan","msg":"cacerolazo_tn.jpg"}
{"level":30,"time":1606952342278,"pid":60251,"hostname":"Scotts-MBP.lan","msg":"cacerolazo.jpg"}
{"level":30,"time":1606952343377,"pid":60251,"hostname":"Scotts-MBP.lan","msg":"musicalinstruments_tn.jpg"}
{"level":30,"time":1606952344354,"pid":60251,"hostname":"Scotts-MBP.lan","msg":"musicalinstruments.jpg"}
{"level":30,"time":1606952345558,"pid":60251,"hostname":"Scotts-MBP.lan","msg":"foodwasteasprotest_tn.jpg"}
{"level":30,"time":1606952346438,"pid":60251,"hostname":"Scotts-MBP.lan","msg":"foodwasteasprotest.jpg"}
{"level":30,"time":1606952347465,"pid":60251,"hostname":"Scotts-MBP.lan","msg":"mascots_tn.jpg"}
{"level":30,"time":1606952348460,"pid":60251,"hostname":"Scotts-MBP.lan","msg":"mascots.jpg"}
{"level":30,"time":1606952349885,"pid":60251,"hostname":"Scotts-MBP.lan","msg":"sculpturesandmonuments_tn.jpg"}
{"level":30,"time":1606952350970,"pid":60251,"hostname":"Scotts-MBP.lan","msg":"sculpturesandmonuments.jpg"}
{"level":30,"time":1606952352090,"pid":60251,"hostname":"Scotts-MBP.lan","msg":"vehicleswith2dand3dart_tn.jpg"}
{"level":30,"time":1606952353302,"pid":60251,"hostname":"Scotts-MBP.lan","msg":"vehicleswith2dand3dart.jpg"}
{"level":30,"time":1606952355055,"pid":60251,"hostname":"Scotts-MBP.lan","msg":"die-ins_tn.jpg"}
{"level":30,"time":1606952356325,"pid":60251,"hostname":"Scotts-MBP.lan","msg":"die-ins.jpg"}
{"level":30,"time":1606952358081,"pid":60251,"hostname":"Scotts-MBP.lan","msg":"onepersonprotest_tn.jpg"}
{"level":30,"time":1606952359035,"pid":60251,"hostname":"Scotts-MBP.lan","msg":"onepersonprotest.jpg"}
{"level":30,"time":1606952360071,"pid":60251,"hostname":"Scotts-MBP.lan","msg":"traditionaltheater_tn.jpg"}
{"level":30,"time":1606952360934,"pid":60251,"hostname":"Scotts-MBP.lan","msg":"traditionaltheater.jpg"}
{"level":30,"time":1606952361870,"pid":60251,"hostname":"Scotts-MBP.lan","msg":"sloganscaricaturesandsymbols_tn.jpg"}
{"level":30,"time":1606952362948,"pid":60251,"hostname":"Scotts-MBP.lan","msg":"sloganscaricaturesandsymbols.jpg"}
{"level":30,"time":1606952364199,"pid":60251,"hostname":"Scotts-MBP.lan","msg":"trendingahashtag_tn.jpg"}
{"level":30,"time":1606952365135,"pid":60251,"hostname":"Scotts-MBP.lan","msg":"trendingahashtag.jpg"}
{"level":30,"time":1606952366170,"pid":60251,"hostname":"Scotts-MBP.lan","msg":"skywritingandearthwriting_tn.jpg"}
{"level":30,"time":1606952367070,"pid":60251,"hostname":"Scotts-MBP.lan","msg":"skywritingandearthwriting.jpg"}
{"level":30,"time":1606952368511,"pid":60251,"hostname":"Scotts-MBP.lan","msg":"sit-downs_tn.jpg"}
{"level":30,"time":1606952369405,"pid":60251,"hostname":"Scotts-MBP.lan","msg":"sit-downs.jpg"}
{"level":30,"time":1606952370572,"pid":60251,"hostname":"Scotts-MBP.lan","msg":"symboliclights_tn.jpg"}
{"level":30,"time":1606952371493,"pid":60251,"hostname":"Scotts-MBP.lan","msg":"symboliclights.jpg"}
{"level":30,"time":1606952372530,"pid":60251,"hostname":"Scotts-MBP.lan","msg":"symbolicreclamations_tn.jpg"}
{"level":30,"time":1606952373538,"pid":60251,"hostname":"Scotts-MBP.lan","msg":"symbolicreclamations.jpg"}
{"level":30,"time":1606952374965,"pid":60251,"hostname":"Scotts-MBP.lan","msg":"livestreaming_tn.jpg"}
{"level":30,"time":1606952375858,"pid":60251,"hostname":"Scotts-MBP.lan","msg":"livestreaming.jpg"}
{"level":30,"time":1606952376822,"pid":60251,"hostname":"Scotts-MBP.lan","msg":"publicspeeches_tn.jpg"}
{"level":30,"time":1606952377871,"pid":60251,"hostname":"Scotts-MBP.lan","msg":"publicspeeches.jpg"}
{"level":30,"time":1606952379110,"pid":60251,"hostname":"Scotts-MBP.lan","msg":"shoutingdown_tn.jpg"}
{"level":30,"time":1606952380383,"pid":60251,"hostname":"Scotts-MBP.lan","msg":"shoutingdown.jpg"}
{"level":30,"time":1606952381774,"pid":60251,"hostname":"Scotts-MBP.lan","msg":"displaysofportraits_tn.jpg"}
{"level":30,"time":1606952382646,"pid":60251,"hostname":"Scotts-MBP.lan","msg":"displaysofportraits.jpg"}
{"level":30,"time":1606952383705,"pid":60251,"hostname":"Scotts-MBP.lan","msg":"divestment_tn.jpg"}
{"level":30,"time":1606952384727,"pid":60251,"hostname":"Scotts-MBP.lan","msg":"divestment.jpg"}
{"level":30,"time":1606952386445,"pid":60251,"hostname":"Scotts-MBP.lan","msg":"fraternalization_tn.jpg"}
{"level":30,"time":1606952387503,"pid":60251,"hostname":"Scotts-MBP.lan","msg":"inflatables_tn.jpg"}
{"level":30,"time":1606952388505,"pid":60251,"hostname":"Scotts-MBP.lan","msg":"fraternalization.jpg"}
{"level":30,"time":1606952389604,"pid":60251,"hostname":"Scotts-MBP.lan","msg":"inflatables.jpg"}
{"level":30,"time":1606952391007,"pid":60251,"hostname":"Scotts-MBP.lan","msg":"stickers_tn.jpg"}
{"level":30,"time":1606952391915,"pid":60251,"hostname":"Scotts-MBP.lan","msg":"stickers.jpg"}
{"level":30,"time":1606952392941,"pid":60251,"hostname":"Scotts-MBP.lan","msg":"cartoons_tn.jpg"}
{"level":30,"time":1606952393947,"pid":60251,"hostname":"Scotts-MBP.lan","msg":"cartoons.jpg"}
{"level":30,"time":1606952395077,"pid":60251,"hostname":"Scotts-MBP.lan","msg":"logos_tn.jpg"}
{"level":30,"time":1606952396205,"pid":60251,"hostname":"Scotts-MBP.lan","msg":"logos.jpg"}
{"level":30,"time":1606952397528,"pid":60251,"hostname":"Scotts-MBP.lan","msg":"chanting_tn.jpg"}
{"level":30,"time":1606952398404,"pid":60251,"hostname":"Scotts-MBP.lan","msg":"chanting.jpg"}
{"level":30,"time":1606952399563,"pid":60251,"hostname":"Scotts-MBP.lan","msg":"treeplanting_tn.jpg"}
{"level":30,"time":1606952400585,"pid":60251,"hostname":"Scotts-MBP.lan","msg":"treeplanting.jpg"}
{"level":30,"time":1606952401988,"pid":60251,"hostname":"Scotts-MBP.lan","msg":"studentstrikes_tn.jpg"}
{"level":30,"time":1606952402946,"pid":60251,"hostname":"Scotts-MBP.lan","msg":"studentstrikes.jpg"}
{"level":30,"time":1606952404287,"pid":60251,"hostname":"Scotts-MBP.lan","msg":"videoart_tn.jpg"}
{"level":30,"time":1606952405229,"pid":60251,"hostname":"Scotts-MBP.lan","msg":"videoart.jpg"}
{"level":30,"time":1606952407207,"pid":60251,"hostname":"Scotts-MBP.lan","msg":"wearingofsymbols_tn.jpg"}
{"level":30,"time":1606952408175,"pid":60251,"hostname":"Scotts-MBP.lan","msg":"wearingofsymbols.jpg"}
{"level":30,"time":1606952409361,"pid":60251,"hostname":"Scotts-MBP.lan","msg":"paintasprotest_tn.jpg"}
{"level":30,"time":1606952411287,"pid":60251,"hostname":"Scotts-MBP.lan","msg":"paintasprotest.jpg"}
{"level":30,"time":1606952414977,"pid":60251,"hostname":"Scotts-MBP.lan","msg":"bannerspostersandotherdisplayedcommunications_tn.jpg"}
{"level":30,"time":1606952416223,"pid":60251,"hostname":"Scotts-MBP.lan","msg":"bannerspostersandotherdisplayedcommunications.jpg"}
{"level":30,"time":1606952417784,"pid":60251,"hostname":"Scotts-MBP.lan","msg":"kissin_tn.jpg"}
{"level":30,"time":1606952418800,"pid":60251,"hostname":"Scotts-MBP.lan","msg":"kissin.jpg"}
{"level":30,"time":1606952420039,"pid":60251,"hostname":"Scotts-MBP.lan","msg":"chainingselfother_tn.jpg"}
{"level":30,"time":1606952420941,"pid":60251,"hostname":"Scotts-MBP.lan","msg":"chainingselfother.jpg"}
{"level":30,"time":1606952423527,"pid":60251,"hostname":"Scotts-MBP.lan","msg":"costumes_tn.jpg"}
{"level":30,"time":1606952424681,"pid":60251,"hostname":"Scotts-MBP.lan","msg":"costumes.jpg"}
{"level":30,"time":1606952426119,"pid":60251,"hostname":"Scotts-MBP.lan","msg":"puppets_tn.jpg"}
{"level":30,"time":1606952427098,"pid":60251,"hostname":"Scotts-MBP.lan","msg":"puppets.jpg"}
{"level":30,"time":1606952521284,"pid":60259,"hostname":"Scotts-MBP.lan","msg":"cacerolazo_tn.jpg"}
{"level":30,"time":1606952522119,"pid":60259,"hostname":"Scotts-MBP.lan","msg":"cacerolazo.jpg"}
{"level":30,"time":1606952523199,"pid":60259,"hostname":"Scotts-MBP.lan","msg":"musicalinstruments_tn.jpg"}
{"level":30,"time":1606952524220,"pid":60259,"hostname":"Scotts-MBP.lan","msg":"musicalinstruments.jpg"}
{"level":30,"time":1606952525501,"pid":60259,"hostname":"Scotts-MBP.lan","msg":"foodwasteasprotest_tn.jpg"}
{"level":30,"time":1606952526373,"pid":60259,"hostname":"Scotts-MBP.lan","msg":"foodwasteasprotest.jpg"}
{"level":30,"time":1606952527361,"pid":60259,"hostname":"Scotts-MBP.lan","msg":"mascots_tn.jpg"}
{"level":30,"time":1606952528518,"pid":60259,"hostname":"Scotts-MBP.lan","msg":"mascots.jpg"}
{"level":30,"time":1606952529913,"pid":60259,"hostname":"Scotts-MBP.lan","msg":"sculpturesandmonuments_tn.jpg"}
{"level":30,"time":1606952530835,"pid":60259,"hostname":"Scotts-MBP.lan","msg":"sculpturesandmonuments.jpg"}
{"level":30,"time":1606952531720,"pid":60259,"hostname":"Scotts-MBP.lan","msg":"vehicleswith2dand3dart_tn.jpg"}
{"level":30,"time":1606952532943,"pid":60259,"hostname":"Scotts-MBP.lan","msg":"vehicleswith2dand3dart.jpg"}
{"level":30,"time":1606952534522,"pid":60259,"hostname":"Scotts-MBP.lan","msg":"die-ins_tn.jpg"}
{"level":30,"time":1606952535888,"pid":60259,"hostname":"Scotts-MBP.lan","msg":"die-ins.jpg"}
{"level":30,"time":1606952537698,"pid":60259,"hostname":"Scotts-MBP.lan","msg":"onepersonprotest_tn.jpg"}
{"level":30,"time":1606952538549,"pid":60259,"hostname":"Scotts-MBP.lan","msg":"onepersonprotest.jpg"}
{"level":30,"time":1606952539447,"pid":60259,"hostname":"Scotts-MBP.lan","msg":"traditionaltheater_tn.jpg"}
{"level":30,"time":1606952540272,"pid":60259,"hostname":"Scotts-MBP.lan","msg":"traditionaltheater.jpg"}
{"level":30,"time":1606952541199,"pid":60259,"hostname":"Scotts-MBP.lan","msg":"sloganscaricaturesandsymbols_tn.jpg"}
{"level":30,"time":1606952542145,"pid":60259,"hostname":"Scotts-MBP.lan","msg":"sloganscaricaturesandsymbols.jpg"}
{"level":30,"time":1606952543261,"pid":60259,"hostname":"Scotts-MBP.lan","msg":"trendingahashtag_tn.jpg"}
{"level":30,"time":1606952544090,"pid":60259,"hostname":"Scotts-MBP.lan","msg":"trendingahashtag.jpg"}
{"level":30,"time":1606952544957,"pid":60259,"hostname":"Scotts-MBP.lan","msg":"skywritingandearthwriting_tn.jpg"}
{"level":30,"time":1606952545953,"pid":60259,"hostname":"Scotts-MBP.lan","msg":"skywritingandearthwriting.jpg"}
{"level":30,"time":1606952547353,"pid":60259,"hostname":"Scotts-MBP.lan","msg":"sit-downs_tn.jpg"}
{"level":30,"time":1606952548358,"pid":60259,"hostname":"Scotts-MBP.lan","msg":"sit-downs.jpg"}
{"level":30,"time":1606952549301,"pid":60259,"hostname":"Scotts-MBP.lan","msg":"symboliclights_tn.jpg"}
{"level":30,"time":1606952550122,"pid":60259,"hostname":"Scotts-MBP.lan","msg":"symboliclights.jpg"}
{"level":30,"time":1606952551124,"pid":60259,"hostname":"Scotts-MBP.lan","msg":"symbolicreclamations_tn.jpg"}
{"level":30,"time":1606952552170,"pid":60259,"hostname":"Scotts-MBP.lan","msg":"symbolicreclamations.jpg"}
{"level":30,"time":1606952553481,"pid":60259,"hostname":"Scotts-MBP.lan","msg":"livestreaming_tn.jpg"}
{"level":30,"time":1606952554397,"pid":60259,"hostname":"Scotts-MBP.lan","msg":"livestreaming.jpg"}
{"level":30,"time":1606952555258,"pid":60259,"hostname":"Scotts-MBP.lan","msg":"publicspeeches_tn.jpg"}
{"level":30,"time":1606952556359,"pid":60259,"hostname":"Scotts-MBP.lan","msg":"publicspeeches.jpg"}
{"level":30,"time":1606952557637,"pid":60259,"hostname":"Scotts-MBP.lan","msg":"shoutingdown_tn.jpg"}
{"level":30,"time":1606952558590,"pid":60259,"hostname":"Scotts-MBP.lan","msg":"shoutingdown.jpg"}
{"level":30,"time":1606952560135,"pid":60259,"hostname":"Scotts-MBP.lan","msg":"displaysofportraits_tn.jpg"}
{"level":30,"time":1606952561067,"pid":60259,"hostname":"Scotts-MBP.lan","msg":"displaysofportraits.jpg"}
{"level":30,"time":1606952561922,"pid":60259,"hostname":"Scotts-MBP.lan","msg":"divestment_tn.jpg"}
{"level":30,"time":1606952562854,"pid":60259,"hostname":"Scotts-MBP.lan","msg":"divestment.jpg"}
{"level":30,"time":1606952564604,"pid":60259,"hostname":"Scotts-MBP.lan","msg":"fraternalization_tn.jpg"}
{"level":30,"time":1606952565572,"pid":60259,"hostname":"Scotts-MBP.lan","msg":"inflatables_tn.jpg"}
{"level":30,"time":1606952566487,"pid":60259,"hostname":"Scotts-MBP.lan","msg":"fraternalization.jpg"}
{"level":30,"time":1606952567511,"pid":60259,"hostname":"Scotts-MBP.lan","msg":"inflatables.jpg"}
{"level":30,"time":1606952568792,"pid":60259,"hostname":"Scotts-MBP.lan","msg":"stickers_tn.jpg"}
{"level":30,"time":1606952569575,"pid":60259,"hostname":"Scotts-MBP.lan","msg":"stickers.jpg"}
